<?xml version="1.0" encoding="UTF-8"?>
<!-- Generated by org.testng.reporters.JUnitXMLReporter -->
<testsuite ignored="0" hostname="LAPTOP-10210QQU" failures="4" tests="10" name="Test" time="36.062" errors="0" timestamp="2023-03-12T22:43:33 IST">
  <testcase classname="testClasses.TC_007_VerifyContinueShopping" name="Continueshopping" time="0.58"/>
  <testcase classname="testClasses.TC_006_VerifyRemoveFuctionality" name="VerifyRemove" time="0.742"/>
  <testcase classname="testClasses.TC_005_VerifyCart" name="sortby" time="0.354"/>
  <testcase classname="testClasses.Tc_002_AllProducts" name="VerifyAllProduct" time="0.479"/>
  <testcase classname="testClasses.TC_003_VerifyLogoutFunctionality" name="Logout" time="0.509"/>
  <testcase classname="testClasses.TC_001_LoginTestClass" name="login" time="0.43"/>
  <testcase classname="testClasses.TC_009_FillInformationAndContinue" name="FillCheckout" time="1.031">
    <failure type="java.lang.AssertionError" message="expected [CHECKOUT: OVERVIEW] but found [Checkout: Overview]">
      <![CDATA[java.lang.AssertionError: expected [CHECKOUT: OVERVIEW] but found [Checkout: Overview]
at testClasses.TC_009_FillInformationAndContinue.FillCheckout(TC_009_FillInformationAndContinue.java:36)
at java.base/java.util.ArrayList.forEach(ArrayList.java:1511)
... Removed 33 stack frames]]>
    </failure>
  </testcase> <!-- FillCheckout -->
  <testcase classname="testClasses.TC_008_VerifyCheckoutFunction" name="Checkout" time="0.757">
    <failure type="java.lang.AssertionError" message="expected [CHECKOUT: YOUR INFORMATION] but found [Checkout: Your Information]">
      <![CDATA[java.lang.AssertionError: expected [CHECKOUT: YOUR INFORMATION] but found [Checkout: Your Information]
at testClasses.TC_008_VerifyCheckoutFunction.Checkout(TC_008_VerifyCheckoutFunction.java:29)
at java.base/java.util.ArrayList.forEach(ArrayList.java:1511)
... Removed 33 stack frames]]>
    </failure>
  </testcase> <!-- Checkout -->
  <testcase classname="testClasses.TC_004_VerifySortByFunctionality" name="sortby" time="0.622">
    <failure type="java.lang.AssertionError" message="expected [PRICE (LOW TO HIGH)] but found [Price (low to high)]">
      <![CDATA[java.lang.AssertionError: expected [PRICE (LOW TO HIGH)] but found [Price (low to high)]
at testClasses.TC_004_VerifySortByFunctionality.sortby(TC_004_VerifySortByFunctionality.java:24)
at java.base/java.util.ArrayList.forEach(ArrayList.java:1511)
... Removed 33 stack frames]]>
    </failure>
  </testcase> <!-- sortby -->
  <testcase classname="testClasses.TC_010_VerifyThankYou" name="ThankYou" time="1.27">
    <failure type="java.lang.AssertionError" message="expected [THANK YOU FOR YOUR ORDER] but found [Thank you for your order!]">
      <![CDATA[java.lang.AssertionError: expected [THANK YOU FOR YOUR ORDER] but found [Thank you for your order!]
at testClasses.TC_010_VerifyThankYou.ThankYou(TC_010_VerifyThankYou.java:37)
at java.base/java.util.ArrayList.forEach(ArrayList.java:1511)
... Removed 33 stack frames]]>
    </failure>
  </testcase> <!-- ThankYou -->
</testsuite> <!-- Test -->
